Running: C:\Tools\Xilinx\14.7\ISE_DS\ISE\bin\nt64\unwrapped\fuse.exe -intstyle ise -incremental -lib unisims_ver -lib unimacro_ver -lib xilinxcorelib_ver -lib secureip -o C:/Users/Mistakx/Desktop/SistemasDigitaisI/Tentativa4/FinalSchematic_FinalSchematic_sch_tb_isim_beh.exe -prj C:/Users/Mistakx/Desktop/SistemasDigitaisI/Tentativa4/FinalSchematic_FinalSchematic_sch_tb_beh.prj work.FinalSchematic_FinalSchematic_sch_tb work.glbl 
ISim P.20131013 (signature 0x7708f090)
Number of CPUs detected in this system: 4
Turning on mult-threading, number of parallel sub-compilation jobs: 8 
Determining compilation order of HDL files
Analyzing Verilog file "C:/Users/Mistakx/Desktop/SistemasDigitaisI/Tentativa4/../../ValorAPagar.v" into library work
Analyzing Verilog file "C:/Users/Mistakx/Desktop/SistemasDigitaisI/Tentativa4/StudentNumbers.v" into library work
Analyzing Verilog file "C:/Users/Mistakx/Desktop/SistemasDigitaisI/Tentativa4/P.v" into library work
Analyzing Verilog file "C:/Users/Mistakx/Desktop/SistemasDigitaisI/Tentativa4/Excess5.v" into library work
Analyzing Verilog file "C:/Users/Mistakx/Desktop/SistemasDigitaisI/Tentativa4/D.v" into library work
Analyzing Verilog file "C:/Users/Mistakx/Desktop/SistemasDigitaisI/Tentativa4/FinalSchematic.vf" into library work
Analyzing Verilog file "C:/Users/Mistakx/Desktop/SistemasDigitaisI/Tentativa4/GODDAMIT.v" into library work
Analyzing Verilog file "C:/Tools/Xilinx/14.7/ISE_DS/ISE//verilog/src/glbl.v" into library work
Starting static elaboration
Completed static elaboration
Compiling module ValueToPay
Compiling module StudentNumbers
Compiling module P
Compiling module D
Compiling module Excess5
Compiling module FinalSchematic
Compiling module FinalSchematic_FinalSchematic_sc...
Compiling module glbl
Time Resolution for simulation is 1ps.
Waiting for 1 sub-compilation(s) to finish...
Compiled 8 Verilog Units
Built simulation executable C:/Users/Mistakx/Desktop/SistemasDigitaisI/Tentativa4/FinalSchematic_FinalSchematic_sch_tb_isim_beh.exe
Fuse Memory Usage: 28772 KB
Fuse CPU Usage: 609 ms
