Command line:
   FinalSchematic_FinalSchematic_sch_tb_isim_beh.exe
     -simmode  gui
     -simrunnum  0
     -socket  53464

Thu Dec 24 14:24:07 2020


 Elaboration Time: 0.0625 sec

 Current Memory Usage: 5150.2 Meg

 Total Signals          : 39
 Total Nets             : 84
 Total Signal Drivers   : 16
 Total Blocks           : 8
 Total Primitive Blocks : 6
 Total Processes        : 23
 Total Traceable Variables  : 28
 Total Scalar Nets and Variables : 230
Total Line Count : 285

 Total Simulation Time: 0.0625 sec

 Current Memory Usage: 5150.2 Meg

Thu Dec 24 14:24:17 2020

